This file contains any messages produced by compilers while
running configure, to aid debugging if configure makes a mistake.

configure:556: checking for a BSD compatible install
configure:609: checking whether build environment is sane
configure:666: checking whether make sets ${MAKE}
configure:712: checking for working aclocal
configure:725: checking for working autoconf
configure:738: checking for working automake
configure:751: checking for working autoheader
configure:764: checking for working makeinfo
configure:783: checking for gcc
configure:896: checking whether the C compiler (gcc  ) works
configure:912: gcc -o conftest    conftest.c  1>&5
configure:909:1: error: type specifier missing, defaults to 'int'; ISO C99 and later do not support implicit int [-Wimplicit-int]
main(){return(0);}
^
int
1 error generated.
configure: failed program was:

#line 907 "configure"
#include "confdefs.h"

main(){return(0);}
